Using pre-set license
Built from '6000.0/staging' branch; Version is '6000.0.49f1 (840e0a9776d9) revision 8654346'; Using compiler version '193933523'; Build Type 'Release'
OS: 'Windows 10  (10.0.19045) 64bit Core' Language: 'en' Physical Memory: 32683 MB
BatchMode: 1, IsHumanControllingUs: 0, StartBugReporterOnCrash: 0, Is64bit: 1, IsPro: 1

COMMAND LINE ARGUMENTS:
C:\Program Files\Unity\Hub\Editor\6000.0.49f1\Editor\Unity.exe
-adb2
-batchMode
-noUpm
-name
AssetImportWorker3
-projectPath
D:/Projects/TALP/TALP
-logFile
Logs/AssetImportWorker3.log
-srvPort
60842
-job-worker-count
7
-background-job-worker-count
8
-gc-helper-count
1
Successfully changed project path to: D:/Projects/TALP/TALP
D:/Projects/TALP/TALP
[UnityMemory] Configuration Parameters - Can be set up in boot.config
    "memorysetup-bucket-allocator-granularity=16"
    "memorysetup-bucket-allocator-bucket-count=8"
    "memorysetup-bucket-allocator-block-size=33554432"
    "memorysetup-bucket-allocator-block-count=8"
    "memorysetup-main-allocator-block-size=16777216"
    "memorysetup-thread-allocator-block-size=16777216"
    "memorysetup-gfx-main-allocator-block-size=16777216"
    "memorysetup-gfx-thread-allocator-block-size=16777216"
    "memorysetup-cache-allocator-block-size=4194304"
    "memorysetup-typetree-allocator-block-size=2097152"
    "memorysetup-profiler-bucket-allocator-granularity=16"
    "memorysetup-profiler-bucket-allocator-bucket-count=8"
    "memorysetup-profiler-bucket-allocator-block-size=33554432"
    "memorysetup-profiler-bucket-allocator-block-count=8"
    "memorysetup-profiler-allocator-block-size=16777216"
    "memorysetup-profiler-editor-allocator-block-size=1048576"
    "memorysetup-temp-allocator-size-main=16777216"
    "memorysetup-job-temp-allocator-block-size=2097152"
    "memorysetup-job-temp-allocator-block-size-background=1048576"
    "memorysetup-job-temp-allocator-reduction-small-platforms=262144"
    "memorysetup-allocator-temp-initial-block-size-main=262144"
    "memorysetup-allocator-temp-initial-block-size-worker=262144"
    "memorysetup-temp-allocator-size-background-worker=32768"
    "memorysetup-temp-allocator-size-job-worker=262144"
    "memorysetup-temp-allocator-size-preload-manager=33554432"
    "memorysetup-temp-allocator-size-nav-mesh-worker=65536"
    "memorysetup-temp-allocator-size-audio-worker=65536"
    "memorysetup-temp-allocator-size-cloud-worker=32768"
    "memorysetup-temp-allocator-size-gi-baking-worker=262144"
    "memorysetup-temp-allocator-size-gi-baking-worker=262144"
    "memorysetup-temp-allocator-size-gi-baking-worker=262144"
    "memorysetup-temp-allocator-size-gi-baking-worker=262144"
    "memorysetup-temp-allocator-size-gi-baking-worker=262144"
    "memorysetup-temp-allocator-size-gfx=262144"
Player connection [30628]  Target information:

Player connection [30628]  * "[IP] 192.168.1.46 [Port] 0 [Flags] 2 [Guid] 3412812682 [EditorId] 3412812682 [Version] 1048832 [Id] WindowsEditor(7,DESKTOP-VK2T73L) [Debug] 1 [PackageName] WindowsEditor [ProjectName] Editor" 

Player connection [30628] Host joined multi-casting on [225.0.0.222:54997]...
Player connection [30628] Host joined alternative multi-casting on [225.0.0.222:34997]...
JobSystem: Creating JobQueue using job-worker-count value 7
Input System module state changed to: Initialized.
[Physics::Module] Initialized fallback backend.
[Physics::Module] Id: 0xdecafbad
Library Redirect Path: Library/
[Physics::Module] Selected backend.
[Physics::Module] Name: PhysX
[Physics::Module] Id: 0xf2b8ea05
[Physics::Module] SDK Version: 4.1.2
[Physics::Module] Integration Version: 1.0.0
[Physics::Module] Threading Mode: Multi-Threaded
Refreshing native plugins compatible for Editor in 182.67 ms, found 4 plugins.
Preloading 0 native plugins for Editor in 0.00 ms.
Initialize engine version: 6000.0.49f1 (840e0a9776d9)
[Subsystems] Discovering subsystems at path C:/Program Files/Unity/Hub/Editor/6000.0.49f1/Editor/Data/Resources/UnitySubsystems
[Subsystems] Discovering subsystems at path D:/Projects/TALP/TALP/Assets
GfxDevice: creating device client; kGfxThreadingModeNonThreaded
Direct3D:
    Version:  Direct3D 11.0 [level 11.1]
    Renderer: NVIDIA GeForce RTX 3080 (ID=0x2206)
    Vendor:   NVIDIA
    VRAM:     10053 MB
    Driver:   32.0.15.8115
Initialize mono
Mono path[0] = 'C:/Program Files/Unity/Hub/Editor/6000.0.49f1/Editor/Data/Managed'
Mono path[1] = 'C:/Program Files/Unity/Hub/Editor/6000.0.49f1/Editor/Data/MonoBleedingEdge/lib/mono/unityjit-win32'
Mono config path = 'C:/Program Files/Unity/Hub/Editor/6000.0.49f1/Editor/Data/MonoBleedingEdge/etc'
Using monoOptions --debugger-agent=transport=dt_socket,embedding=1,server=y,suspend=n,address=127.0.0.1:56596
Begin MonoManager ReloadAssembly
Registering precompiled unity dll's ...
Register platform support module: C:/Program Files/Unity/Hub/Editor/6000.0.49f1/Editor/Data/PlaybackEngines/WindowsStandaloneSupport/UnityEditor.WindowsStandalone.Extensions.dll
Register platform support module: C:/Program Files/Unity/Hub/Editor/6000.0.49f1/Editor/Data/PlaybackEngines/AndroidPlayer/UnityEditor.Android.Extensions.dll
Registered in 0.005232 seconds.
- Loaded All Assemblies, in  1.250 seconds
Native extension for Android target not found
Android Extension - Scanning For ADB Devices 263 ms
Native extension for WindowsStandalone target not found
Mono: successfully reloaded assembly
- Finished resetting the current domain, in  0.687 seconds
Domain Reload Profiling: 1933ms
	BeginReloadAssembly (153ms)
		ExecutionOrderSort (0ms)
		DisableScriptedObjects (0ms)
		BackupInstance (0ms)
		ReleaseScriptingObjects (0ms)
		CreateAndSetChildDomain (1ms)
	RebuildCommonClasses (214ms)
	RebuildNativeTypeToScriptingClass (17ms)
	initialDomainReloadingComplete (59ms)
	LoadAllAssembliesAndSetupDomain (803ms)
		LoadAssemblies (150ms)
		RebuildTransferFunctionScriptingTraits (0ms)
		AnalyzeDomain (798ms)
			TypeCache.Refresh (796ms)
				TypeCache.ScanAssembly (781ms)
			BuildScriptInfoCaches (0ms)
			ResolveRequiredComponents (0ms)
	FinalizeReload (687ms)
		ReleaseScriptCaches (0ms)
		RebuildScriptCaches (0ms)
		SetupLoadedEditorAssemblies (641ms)
			LogAssemblyErrors (0ms)
			InitializePlatformSupportModulesInManaged (374ms)
			SetLoadedEditorAssemblies (4ms)
			BeforeProcessingInitializeOnLoad (66ms)
			ProcessInitializeOnLoadAttributes (130ms)
			ProcessInitializeOnLoadMethodAttributes (68ms)
			AfterProcessingInitializeOnLoad (0ms)
			EditorAssembliesLoaded (0ms)
		ExecutionOrderSort2 (0ms)
		AwakeInstancesAfterBackupRestoration (0ms)
========================================================================
Worker process is ready to serve import requests
Import Worker Mode flag is 0x00
Begin MonoManager ReloadAssembly
- Loaded All Assemblies, in  1.006 seconds
Refreshing native plugins compatible for Editor in 1.06 ms, found 4 plugins.
Native extension for Android target not found
Native extension for WindowsStandalone target not found
Mono: successfully reloaded assembly
- Finished resetting the current domain, in  0.810 seconds
Domain Reload Profiling: 1813ms
	BeginReloadAssembly (226ms)
		ExecutionOrderSort (0ms)
		DisableScriptedObjects (7ms)
		BackupInstance (0ms)
		ReleaseScriptingObjects (0ms)
		CreateAndSetChildDomain (34ms)
	RebuildCommonClasses (45ms)
	RebuildNativeTypeToScriptingClass (15ms)
	initialDomainReloadingComplete (42ms)
	LoadAllAssembliesAndSetupDomain (674ms)
		LoadAssemblies (386ms)
		RebuildTransferFunctionScriptingTraits (0ms)
		AnalyzeDomain (398ms)
			TypeCache.Refresh (344ms)
				TypeCache.ScanAssembly (262ms)
			BuildScriptInfoCaches (46ms)
			ResolveRequiredComponents (6ms)
	FinalizeReload (811ms)
		ReleaseScriptCaches (0ms)
		RebuildScriptCaches (0ms)
		SetupLoadedEditorAssemblies (626ms)
			LogAssemblyErrors (0ms)
			InitializePlatformSupportModulesInManaged (15ms)
			SetLoadedEditorAssemblies (6ms)
			BeforeProcessingInitializeOnLoad (190ms)
			ProcessInitializeOnLoadAttributes (360ms)
			ProcessInitializeOnLoadMethodAttributes (47ms)
			AfterProcessingInitializeOnLoad (8ms)
			EditorAssembliesLoaded (0ms)
		ExecutionOrderSort2 (0ms)
		AwakeInstancesAfterBackupRestoration (6ms)
Launched and connected shader compiler UnityShaderCompiler.exe after 0.04 seconds
Refreshing native plugins compatible for Editor in 1.40 ms, found 4 plugins.
Preloading 0 native plugins for Editor in 0.00 ms.
Unloading 27 Unused Serialized files (Serialized files now loaded: 0)
Unloading 4431 unused Assets / (1.2 MB). Loaded Objects now: 4937.
Memory consumption went from 93.4 MB to 92.1 MB.
Total: 6.572800 ms (FindLiveObjects: 0.515700 ms CreateObjectMapping: 0.594900 ms MarkObjects: 4.226100 ms  DeleteObjects: 1.234300 ms)

========================================================================
Received Import Request.
  Time since last request: 53613.551906 seconds.
  path: Assets/SOs/Diphthong/byo.asset
  artifactKey: Guid(65bec081917b8d24880768e461021993) Importer(815301076,1909f56bfc062723c751e8b465ee728b)
Start importing Assets/SOs/Diphthong/byo.asset using Guid(65bec081917b8d24880768e461021993) Importer(815301076,1909f56bfc062723c751e8b465ee728b) (PreviewImporter) -> (artifact id: 'd67b6357c06b8ea7a9cbe14b6ef0015d') in 0.0249195 seconds
Number of updated asset objects reloaded before import = 0Number of asset objects unloaded after import = 1

========================================================================
Received Import Request.
  Time since last request: 0.000014 seconds.
  path: Assets/SOs/Diphthong/hyu.asset
  artifactKey: Guid(e207a2a4d23084549b5dadf944fd8b94) Importer(815301076,1909f56bfc062723c751e8b465ee728b)
Start importing Assets/SOs/Diphthong/hyu.asset using Guid(e207a2a4d23084549b5dadf944fd8b94) Importer(815301076,1909f56bfc062723c751e8b465ee728b) (PreviewImporter) -> (artifact id: 'f6e469a491bf48cc2a75dfc95b31e61e') in 0.0008717 seconds
Number of updated asset objects reloaded before import = 0Number of asset objects unloaded after import = 1

========================================================================
Received Import Request.
  Time since last request: 0.000083 seconds.
  path: Assets/SOs/Diphthong/myu.asset
  artifactKey: Guid(0cc244f758f7448448cb5f8d983176d0) Importer(815301076,1909f56bfc062723c751e8b465ee728b)
Start importing Assets/SOs/Diphthong/myu.asset using Guid(0cc244f758f7448448cb5f8d983176d0) Importer(815301076,1909f56bfc062723c751e8b465ee728b) (PreviewImporter) -> (artifact id: 'd5438a2ba7f14d50aeb5aefb2c6f769b') in 0.0009033 seconds
Number of updated asset objects reloaded before import = 0Number of asset objects unloaded after import = 1

========================================================================
Received Import Request.
  Time since last request: 0.000013 seconds.
  path: Assets/SOs/Diphthong/jo.asset
  artifactKey: Guid(45b5daf67f36a324cb649c16e60b00ef) Importer(815301076,1909f56bfc062723c751e8b465ee728b)
Start importing Assets/SOs/Diphthong/jo.asset using Guid(45b5daf67f36a324cb649c16e60b00ef) Importer(815301076,1909f56bfc062723c751e8b465ee728b) (PreviewImporter) -> (artifact id: '4e02b6a1e207adf245e6478c9ffdad12') in 0.0011139 seconds
Number of updated asset objects reloaded before import = 0Number of asset objects unloaded after import = 1

========================================================================
Received Import Request.
  Time since last request: 0.000014 seconds.
  path: Assets/SOs/Diphthong/sha.asset
  artifactKey: Guid(1e0fa1f301e194e46b0bb300ce96774d) Importer(815301076,1909f56bfc062723c751e8b465ee728b)
Start importing Assets/SOs/Diphthong/sha.asset using Guid(1e0fa1f301e194e46b0bb300ce96774d) Importer(815301076,1909f56bfc062723c751e8b465ee728b) (PreviewImporter) -> (artifact id: '8eff1f0cc9d8271b9873d3f3c4f05aa2') in 0.0008018 seconds
Number of updated asset objects reloaded before import = 0Number of asset objects unloaded after import = 1

========================================================================
Received Import Request.
  Time since last request: 0.000121 seconds.
  path: Assets/SOs/Diphthong/chu.asset
  artifactKey: Guid(9379bdde4e215b54a9de50e9b0c5be5c) Importer(815301076,1909f56bfc062723c751e8b465ee728b)
Start importing Assets/SOs/Diphthong/chu.asset using Guid(9379bdde4e215b54a9de50e9b0c5be5c) Importer(815301076,1909f56bfc062723c751e8b465ee728b) (PreviewImporter) -> (artifact id: '3149c28de1427c62993f715bd78c61c1') in 0.0006547 seconds
Number of updated asset objects reloaded before import = 0Number of asset objects unloaded after import = 1

========================================================================
Received Import Request.
  Time since last request: 0.000058 seconds.
  path: Assets/SOs/Diphthong/ju.asset
  artifactKey: Guid(944ac3f78a5b22148bfb55bb291c0824) Importer(815301076,1909f56bfc062723c751e8b465ee728b)
Start importing Assets/SOs/Diphthong/ju.asset using Guid(944ac3f78a5b22148bfb55bb291c0824) Importer(815301076,1909f56bfc062723c751e8b465ee728b) (PreviewImporter) -> (artifact id: 'ee2aa0924efe93dc0b8f95949fa7e6a2') in 0.0006902 seconds
Number of updated asset objects reloaded before import = 0Number of asset objects unloaded after import = 1

========================================================================
Received Import Request.
  Time since last request: 0.000010 seconds.
  path: Assets/SOs/Diphthong/kyo.asset
  artifactKey: Guid(5f8997f4cae0f304784e7630607243a0) Importer(815301076,1909f56bfc062723c751e8b465ee728b)
Start importing Assets/SOs/Diphthong/kyo.asset using Guid(5f8997f4cae0f304784e7630607243a0) Importer(815301076,1909f56bfc062723c751e8b465ee728b) (PreviewImporter) -> (artifact id: 'c8c59d1020569367f2e67038a04fa8e7') in 0.000739 seconds
Number of updated asset objects reloaded before import = 0Number of asset objects unloaded after import = 1

========================================================================
Received Import Request.
  Time since last request: 0.000012 seconds.
  path: Assets/SOs/Diphthong/ja.asset
  artifactKey: Guid(84e3cd2a7ff76434cb41a154b5a81074) Importer(815301076,1909f56bfc062723c751e8b465ee728b)
Start importing Assets/SOs/Diphthong/ja.asset using Guid(84e3cd2a7ff76434cb41a154b5a81074) Importer(815301076,1909f56bfc062723c751e8b465ee728b) (PreviewImporter) -> (artifact id: 'd15f4dde895cfaf4f38066c723a3d356') in 0.0007006 seconds
Number of updated asset objects reloaded before import = 0Number of asset objects unloaded after import = 1

========================================================================
Received Import Request.
  Time since last request: 0.000017 seconds.
  path: Assets/SOs/Diphthong/hyo.asset
  artifactKey: Guid(d60e8a402f83e41488d52c5ffb6d4965) Importer(815301076,1909f56bfc062723c751e8b465ee728b)
Start importing Assets/SOs/Diphthong/hyo.asset using Guid(d60e8a402f83e41488d52c5ffb6d4965) Importer(815301076,1909f56bfc062723c751e8b465ee728b) (PreviewImporter) -> (artifact id: '659494b38e593048c597daf1e4e4948a') in 0.0008522 seconds
Number of updated asset objects reloaded before import = 0Number of asset objects unloaded after import = 1

========================================================================
Received Import Request.
  Time since last request: 0.000029 seconds.
  path: Assets/SOs/Diphthong/byu.asset
  artifactKey: Guid(953aba26c6560ed418461de37dbe35fe) Importer(815301076,1909f56bfc062723c751e8b465ee728b)
Start importing Assets/SOs/Diphthong/byu.asset using Guid(953aba26c6560ed418461de37dbe35fe) Importer(815301076,1909f56bfc062723c751e8b465ee728b) (PreviewImporter) -> (artifact id: 'ecd59fb385199cec23df3933a0bc981a') in 0.0007771 seconds
Number of updated asset objects reloaded before import = 0Number of asset objects unloaded after import = 1

========================================================================
Received Import Request.
  Time since last request: 0.000017 seconds.
  path: Assets/SOs/Diphthong/kyu.asset
  artifactKey: Guid(d598318bb82efb54091204bd8dae02fb) Importer(815301076,1909f56bfc062723c751e8b465ee728b)
Start importing Assets/SOs/Diphthong/kyu.asset using Guid(d598318bb82efb54091204bd8dae02fb) Importer(815301076,1909f56bfc062723c751e8b465ee728b) (PreviewImporter) -> (artifact id: '4ffcda6ab707af4f1cfaaa37820ce48a') in 0.0011498 seconds
Number of updated asset objects reloaded before import = 0Number of asset objects unloaded after import = 1

========================================================================
Received Import Request.
  Time since last request: 0.000017 seconds.
  path: Assets/SOs/Diphthong/nya.asset
  artifactKey: Guid(d810ceadeff457b4db0cf74728a6f73f) Importer(815301076,1909f56bfc062723c751e8b465ee728b)
Start importing Assets/SOs/Diphthong/nya.asset using Guid(d810ceadeff457b4db0cf74728a6f73f) Importer(815301076,1909f56bfc062723c751e8b465ee728b) (PreviewImporter) -> (artifact id: 'c223068cb26f41ae65c8d71dcf2b4003') in 0.0010939 seconds
Number of updated asset objects reloaded before import = 0Number of asset objects unloaded after import = 1

========================================================================
Received Import Request.
  Time since last request: 0.000016 seconds.
  path: Assets/SOs/Diphthong/ryu.asset
  artifactKey: Guid(42579c99d07f71c4b8544b8fc658f07e) Importer(815301076,1909f56bfc062723c751e8b465ee728b)
Start importing Assets/SOs/Diphthong/ryu.asset using Guid(42579c99d07f71c4b8544b8fc658f07e) Importer(815301076,1909f56bfc062723c751e8b465ee728b) (PreviewImporter) -> (artifact id: 'ba0ff0f79099e1fa905879757841847f') in 0.0009364 seconds
Number of updated asset objects reloaded before import = 0Number of asset objects unloaded after import = 1

Editor requested this worker to shutdown with reason: Scaling down because of idle timeout
AssetImportWorker is now disconnected from the server
Process exiting
Exiting without the bug reporter. Application will terminate with return code 0