Using pre-set license
Built from '6000.0/staging' branch; Version is '6000.0.49f1 (840e0a9776d9) revision 8654346'; Using compiler version '193933523'; Build Type 'Release'
OS: 'Windows 10  (10.0.19045) 64bit Core' Language: 'en' Physical Memory: 32683 MB
BatchMode: 1, IsHumanControllingUs: 0, StartBugReporterOnCrash: 0, Is64bit: 1, IsPro: 1

COMMAND LINE ARGUMENTS:
C:\Program Files\Unity\Hub\Editor\6000.0.49f1\Editor\Unity.exe
-adb2
-batchMode
-noUpm
-name
AssetImportWorker2
-projectPath
D:/Projects/TALP/TALP
-logFile
Logs/AssetImportWorker2.log
-srvPort
60842
-job-worker-count
7
-background-job-worker-count
8
-gc-helper-count
1
Successfully changed project path to: D:/Projects/TALP/TALP
D:/Projects/TALP/TALP
[UnityMemory] Configuration Parameters - Can be set up in boot.config
    "memorysetup-bucket-allocator-granularity=16"
    "memorysetup-bucket-allocator-bucket-count=8"
    "memorysetup-bucket-allocator-block-size=33554432"
    "memorysetup-bucket-allocator-block-count=8"
    "memorysetup-main-allocator-block-size=16777216"
    "memorysetup-thread-allocator-block-size=16777216"
    "memorysetup-gfx-main-allocator-block-size=16777216"
    "memorysetup-gfx-thread-allocator-block-size=16777216"
    "memorysetup-cache-allocator-block-size=4194304"
    "memorysetup-typetree-allocator-block-size=2097152"
    "memorysetup-profiler-bucket-allocator-granularity=16"
    "memorysetup-profiler-bucket-allocator-bucket-count=8"
    "memorysetup-profiler-bucket-allocator-block-size=33554432"
    "memorysetup-profiler-bucket-allocator-block-count=8"
    "memorysetup-profiler-allocator-block-size=16777216"
    "memorysetup-profiler-editor-allocator-block-size=1048576"
    "memorysetup-temp-allocator-size-main=16777216"
    "memorysetup-job-temp-allocator-block-size=2097152"
    "memorysetup-job-temp-allocator-block-size-background=1048576"
    "memorysetup-job-temp-allocator-reduction-small-platforms=262144"
    "memorysetup-allocator-temp-initial-block-size-main=262144"
    "memorysetup-allocator-temp-initial-block-size-worker=262144"
    "memorysetup-temp-allocator-size-background-worker=32768"
    "memorysetup-temp-allocator-size-job-worker=262144"
    "memorysetup-temp-allocator-size-preload-manager=33554432"
    "memorysetup-temp-allocator-size-nav-mesh-worker=65536"
    "memorysetup-temp-allocator-size-audio-worker=65536"
    "memorysetup-temp-allocator-size-cloud-worker=32768"
    "memorysetup-temp-allocator-size-gi-baking-worker=262144"
    "memorysetup-temp-allocator-size-gi-baking-worker=262144"
    "memorysetup-temp-allocator-size-gi-baking-worker=262144"
    "memorysetup-temp-allocator-size-gi-baking-worker=262144"
    "memorysetup-temp-allocator-size-gi-baking-worker=262144"
    "memorysetup-temp-allocator-size-gfx=262144"
Player connection [10064]  Target information:

Player connection [10064]  * "[IP] 192.168.1.46 [Port] 0 [Flags] 2 [Guid] 2281293676 [EditorId] 2281293676 [Version] 1048832 [Id] WindowsEditor(7,DESKTOP-VK2T73L) [Debug] 1 [PackageName] WindowsEditor [ProjectName] Editor" 

Player connection [10064] Host joined multi-casting on [225.0.0.222:54997]...
Player connection [10064] Host joined alternative multi-casting on [225.0.0.222:34997]...
JobSystem: Creating JobQueue using job-worker-count value 7
Input System module state changed to: Initialized.
[Physics::Module] Initialized fallback backend.
[Physics::Module] Id: 0xdecafbad
Library Redirect Path: Library/
[Physics::Module] Selected backend.
[Physics::Module] Name: PhysX
[Physics::Module] Id: 0xf2b8ea05
[Physics::Module] SDK Version: 4.1.2
[Physics::Module] Integration Version: 1.0.0
[Physics::Module] Threading Mode: Multi-Threaded
Refreshing native plugins compatible for Editor in 182.67 ms, found 4 plugins.
Preloading 0 native plugins for Editor in 0.00 ms.
Initialize engine version: 6000.0.49f1 (840e0a9776d9)
[Subsystems] Discovering subsystems at path C:/Program Files/Unity/Hub/Editor/6000.0.49f1/Editor/Data/Resources/UnitySubsystems
[Subsystems] Discovering subsystems at path D:/Projects/TALP/TALP/Assets
GfxDevice: creating device client; kGfxThreadingModeNonThreaded
Direct3D:
    Version:  Direct3D 11.0 [level 11.1]
    Renderer: NVIDIA GeForce RTX 3080 (ID=0x2206)
    Vendor:   NVIDIA
    VRAM:     10053 MB
    Driver:   32.0.15.8115
Initialize mono
Mono path[0] = 'C:/Program Files/Unity/Hub/Editor/6000.0.49f1/Editor/Data/Managed'
Mono path[1] = 'C:/Program Files/Unity/Hub/Editor/6000.0.49f1/Editor/Data/MonoBleedingEdge/lib/mono/unityjit-win32'
Mono config path = 'C:/Program Files/Unity/Hub/Editor/6000.0.49f1/Editor/Data/MonoBleedingEdge/etc'
Using monoOptions --debugger-agent=transport=dt_socket,embedding=1,server=y,suspend=n,address=127.0.0.1:56608
Begin MonoManager ReloadAssembly
Registering precompiled unity dll's ...
Register platform support module: C:/Program Files/Unity/Hub/Editor/6000.0.49f1/Editor/Data/PlaybackEngines/WindowsStandaloneSupport/UnityEditor.WindowsStandalone.Extensions.dll
Register platform support module: C:/Program Files/Unity/Hub/Editor/6000.0.49f1/Editor/Data/PlaybackEngines/AndroidPlayer/UnityEditor.Android.Extensions.dll
Registered in 0.005700 seconds.
- Loaded All Assemblies, in  1.250 seconds
Native extension for Android target not found
Android Extension - Scanning For ADB Devices 266 ms
Native extension for WindowsStandalone target not found
Mono: successfully reloaded assembly
- Finished resetting the current domain, in  0.687 seconds
Domain Reload Profiling: 1934ms
	BeginReloadAssembly (153ms)
		ExecutionOrderSort (0ms)
		DisableScriptedObjects (0ms)
		BackupInstance (0ms)
		ReleaseScriptingObjects (0ms)
		CreateAndSetChildDomain (1ms)
	RebuildCommonClasses (215ms)
	RebuildNativeTypeToScriptingClass (17ms)
	initialDomainReloadingComplete (59ms)
	LoadAllAssembliesAndSetupDomain (802ms)
		LoadAssemblies (149ms)
		RebuildTransferFunctionScriptingTraits (0ms)
		AnalyzeDomain (798ms)
			TypeCache.Refresh (797ms)
				TypeCache.ScanAssembly (781ms)
			BuildScriptInfoCaches (0ms)
			ResolveRequiredComponents (0ms)
	FinalizeReload (688ms)
		ReleaseScriptCaches (0ms)
		RebuildScriptCaches (0ms)
		SetupLoadedEditorAssemblies (641ms)
			LogAssemblyErrors (0ms)
			InitializePlatformSupportModulesInManaged (374ms)
			SetLoadedEditorAssemblies (4ms)
			BeforeProcessingInitializeOnLoad (65ms)
			ProcessInitializeOnLoadAttributes (129ms)
			ProcessInitializeOnLoadMethodAttributes (69ms)
			AfterProcessingInitializeOnLoad (0ms)
			EditorAssembliesLoaded (0ms)
		ExecutionOrderSort2 (0ms)
		AwakeInstancesAfterBackupRestoration (0ms)
========================================================================
Worker process is ready to serve import requests
Import Worker Mode flag is 0x00
Begin MonoManager ReloadAssembly
- Loaded All Assemblies, in  0.997 seconds
Refreshing native plugins compatible for Editor in 1.21 ms, found 4 plugins.
Native extension for Android target not found
Native extension for WindowsStandalone target not found
Mono: successfully reloaded assembly
- Finished resetting the current domain, in  0.807 seconds
Domain Reload Profiling: 1801ms
	BeginReloadAssembly (210ms)
		ExecutionOrderSort (0ms)
		DisableScriptedObjects (7ms)
		BackupInstance (0ms)
		ReleaseScriptingObjects (0ms)
		CreateAndSetChildDomain (36ms)
	RebuildCommonClasses (41ms)
	RebuildNativeTypeToScriptingClass (17ms)
	initialDomainReloadingComplete (46ms)
	LoadAllAssembliesAndSetupDomain (680ms)
		LoadAssemblies (390ms)
		RebuildTransferFunctionScriptingTraits (0ms)
		AnalyzeDomain (402ms)
			TypeCache.Refresh (351ms)
				TypeCache.ScanAssembly (277ms)
			BuildScriptInfoCaches (42ms)
			ResolveRequiredComponents (6ms)
	FinalizeReload (808ms)
		ReleaseScriptCaches (0ms)
		RebuildScriptCaches (0ms)
		SetupLoadedEditorAssemblies (624ms)
			LogAssemblyErrors (0ms)
			InitializePlatformSupportModulesInManaged (15ms)
			SetLoadedEditorAssemblies (6ms)
			BeforeProcessingInitializeOnLoad (190ms)
			ProcessInitializeOnLoadAttributes (357ms)
			ProcessInitializeOnLoadMethodAttributes (48ms)
			AfterProcessingInitializeOnLoad (7ms)
			EditorAssembliesLoaded (0ms)
		ExecutionOrderSort2 (0ms)
		AwakeInstancesAfterBackupRestoration (6ms)
Launched and connected shader compiler UnityShaderCompiler.exe after 0.04 seconds
Refreshing native plugins compatible for Editor in 1.38 ms, found 4 plugins.
Preloading 0 native plugins for Editor in 0.00 ms.
Unloading 27 Unused Serialized files (Serialized files now loaded: 0)
Unloading 4431 unused Assets / (1.4 MB). Loaded Objects now: 4937.
Memory consumption went from 93.4 MB to 91.9 MB.
Total: 6.607700 ms (FindLiveObjects: 0.517800 ms CreateObjectMapping: 0.564500 ms MarkObjects: 4.253000 ms  DeleteObjects: 1.271400 ms)

========================================================================
Received Import Request.
  Time since last request: 53547.049118 seconds.
  path: Assets/SOs/Impure
  artifactKey: Guid(f0d68d6b82f9d54418977d2cd8e3bfbb) Importer(815301076,1909f56bfc062723c751e8b465ee728b)
Start importing Assets/SOs/Impure using Guid(f0d68d6b82f9d54418977d2cd8e3bfbb) Importer(815301076,1909f56bfc062723c751e8b465ee728b) (PreviewImporter) -> (artifact id: '5af84e82a2d0bbea4731e4d165354faf') in 0.0059928 seconds
Number of updated asset objects reloaded before import = 0Number of asset objects unloaded after import = 0

========================================================================
Received Import Request.
  Time since last request: 56.748927 seconds.
  path: Assets/SOs/Diphthong
  artifactKey: Guid(381fb1b7986607344bc1789f7dcc6710) Importer(815301076,1909f56bfc062723c751e8b465ee728b)
Start importing Assets/SOs/Diphthong using Guid(381fb1b7986607344bc1789f7dcc6710) Importer(815301076,1909f56bfc062723c751e8b465ee728b) (PreviewImporter) -> (artifact id: 'cb2909947b7d2d5b011e45e3509396a4') in 0.0004227 seconds
Number of updated asset objects reloaded before import = 0Number of asset objects unloaded after import = 0

========================================================================
Received Import Request.
  Time since last request: 9.744020 seconds.
  path: Assets/SOs/Diphthong/bya.asset
  artifactKey: Guid(5805a4979528d29438933bf9f1a3d525) Importer(815301076,1909f56bfc062723c751e8b465ee728b)
Start importing Assets/SOs/Diphthong/bya.asset using Guid(5805a4979528d29438933bf9f1a3d525) Importer(815301076,1909f56bfc062723c751e8b465ee728b) (PreviewImporter) -> (artifact id: '6c412a54398b5c7d14e64bb786fb77c4') in 0.0196261 seconds
Number of updated asset objects reloaded before import = 0Number of asset objects unloaded after import = 1

========================================================================
Received Import Request.
  Time since last request: 0.000020 seconds.
  path: Assets/SOs/Diphthong/cha.asset
  artifactKey: Guid(c60fa2a789952e84baf964eb244d220c) Importer(815301076,1909f56bfc062723c751e8b465ee728b)
Start importing Assets/SOs/Diphthong/cha.asset using Guid(c60fa2a789952e84baf964eb244d220c) Importer(815301076,1909f56bfc062723c751e8b465ee728b) (PreviewImporter) -> (artifact id: '7e5800a821df97520b648a67ccc1a8d0') in 0.0010306 seconds
Number of updated asset objects reloaded before import = 0Number of asset objects unloaded after import = 1

========================================================================
Received Import Request.
  Time since last request: 0.000017 seconds.
  path: Assets/SOs/Diphthong/nyu.asset
  artifactKey: Guid(a9cd61e801614f74e8abbbd3eaca02c0) Importer(815301076,1909f56bfc062723c751e8b465ee728b)
Start importing Assets/SOs/Diphthong/nyu.asset using Guid(a9cd61e801614f74e8abbbd3eaca02c0) Importer(815301076,1909f56bfc062723c751e8b465ee728b) (PreviewImporter) -> (artifact id: '5ad26dc8f3f7783b43746c3126579573') in 0.0007179 seconds
Number of updated asset objects reloaded before import = 0Number of asset objects unloaded after import = 1

========================================================================
Received Import Request.
  Time since last request: 0.000071 seconds.
  path: Assets/SOs/Diphthong/pyo.asset
  artifactKey: Guid(fec4790a82650bb4d929c4d7659ce18b) Importer(815301076,1909f56bfc062723c751e8b465ee728b)
Start importing Assets/SOs/Diphthong/pyo.asset using Guid(fec4790a82650bb4d929c4d7659ce18b) Importer(815301076,1909f56bfc062723c751e8b465ee728b) (PreviewImporter) -> (artifact id: '1b8570ad82adc87c9c52a8a061de349e') in 0.0007257 seconds
Number of updated asset objects reloaded before import = 0Number of asset objects unloaded after import = 1

========================================================================
Received Import Request.
  Time since last request: 0.000149 seconds.
  path: Assets/SOs/Diphthong/gyu.asset
  artifactKey: Guid(df39d85b6f8516a41ba770100d4c55cb) Importer(815301076,1909f56bfc062723c751e8b465ee728b)
Start importing Assets/SOs/Diphthong/gyu.asset using Guid(df39d85b6f8516a41ba770100d4c55cb) Importer(815301076,1909f56bfc062723c751e8b465ee728b) (PreviewImporter) -> (artifact id: '15d4e24c60fa85e1bbd1074a749aabbb') in 0.0007611 seconds
Number of updated asset objects reloaded before import = 0Number of asset objects unloaded after import = 1

========================================================================
Received Import Request.
  Time since last request: 0.000018 seconds.
  path: Assets/SOs/Diphthong/rya.asset
  artifactKey: Guid(387ea50dba40e5d43a9debbf4f896a43) Importer(815301076,1909f56bfc062723c751e8b465ee728b)
Start importing Assets/SOs/Diphthong/rya.asset using Guid(387ea50dba40e5d43a9debbf4f896a43) Importer(815301076,1909f56bfc062723c751e8b465ee728b) (PreviewImporter) -> (artifact id: 'a821983a06fe4ed82b7dc4b159c7f347') in 0.0008891 seconds
Number of updated asset objects reloaded before import = 0Number of asset objects unloaded after import = 1

========================================================================
Received Import Request.
  Time since last request: 0.000040 seconds.
  path: Assets/SOs/Diphthong/myo.asset
  artifactKey: Guid(3ea03c40355f5d942a3ffff649092751) Importer(815301076,1909f56bfc062723c751e8b465ee728b)
Start importing Assets/SOs/Diphthong/myo.asset using Guid(3ea03c40355f5d942a3ffff649092751) Importer(815301076,1909f56bfc062723c751e8b465ee728b) (PreviewImporter) -> (artifact id: '1eb15e18a8542d470ef36156547ab100') in 0.000836 seconds
Number of updated asset objects reloaded before import = 0Number of asset objects unloaded after import = 1

========================================================================
Received Import Request.
  Time since last request: 0.000059 seconds.
  path: Assets/SOs/Diphthong/gya.asset
  artifactKey: Guid(d6ecd3b8bfcdba04db4cf0275bbf4068) Importer(815301076,1909f56bfc062723c751e8b465ee728b)
Start importing Assets/SOs/Diphthong/gya.asset using Guid(d6ecd3b8bfcdba04db4cf0275bbf4068) Importer(815301076,1909f56bfc062723c751e8b465ee728b) (PreviewImporter) -> (artifact id: 'f10e2320dacca6db804665d17b31c2fa') in 0.001133 seconds
Number of updated asset objects reloaded before import = 0Number of asset objects unloaded after import = 1

========================================================================
Received Import Request.
  Time since last request: 0.000016 seconds.
  path: Assets/SOs/Diphthong/kya.asset
  artifactKey: Guid(e3b6bc0c7c4bd4c41bdc6ad39a3de1c6) Importer(815301076,1909f56bfc062723c751e8b465ee728b)
Start importing Assets/SOs/Diphthong/kya.asset using Guid(e3b6bc0c7c4bd4c41bdc6ad39a3de1c6) Importer(815301076,1909f56bfc062723c751e8b465ee728b) (PreviewImporter) -> (artifact id: '8495fe15c8bbf809648a3008b179e96d') in 0.00085 seconds
Number of updated asset objects reloaded before import = 0Number of asset objects unloaded after import = 1

========================================================================
Received Import Request.
  Time since last request: 0.000017 seconds.
  path: Assets/SOs/Diphthong/ryo.asset
  artifactKey: Guid(535b3e234c6b4174bbbc37686fb9571b) Importer(815301076,1909f56bfc062723c751e8b465ee728b)
Start importing Assets/SOs/Diphthong/ryo.asset using Guid(535b3e234c6b4174bbbc37686fb9571b) Importer(815301076,1909f56bfc062723c751e8b465ee728b) (PreviewImporter) -> (artifact id: 'cf1f102427eee9f8c8b960978be0ccb9') in 0.0007387 seconds
Number of updated asset objects reloaded before import = 0Number of asset objects unloaded after import = 1

========================================================================
Received Import Request.
  Time since last request: 0.000010 seconds.
  path: Assets/SOs/Diphthong/hya.asset
  artifactKey: Guid(c85a61795e780054f97ea7fec551e192) Importer(815301076,1909f56bfc062723c751e8b465ee728b)
Start importing Assets/SOs/Diphthong/hya.asset using Guid(c85a61795e780054f97ea7fec551e192) Importer(815301076,1909f56bfc062723c751e8b465ee728b) (PreviewImporter) -> (artifact id: '0bff4f554eb7ab4ef3cf760df4186500') in 0.000642 seconds
Number of updated asset objects reloaded before import = 0Number of asset objects unloaded after import = 1

========================================================================
Received Import Request.
  Time since last request: 0.000074 seconds.
  path: Assets/SOs/Diphthong/gyo.asset
  artifactKey: Guid(2447c84012364e542a9184642e476e38) Importer(815301076,1909f56bfc062723c751e8b465ee728b)
Start importing Assets/SOs/Diphthong/gyo.asset using Guid(2447c84012364e542a9184642e476e38) Importer(815301076,1909f56bfc062723c751e8b465ee728b) (PreviewImporter) -> (artifact id: 'b24df0e18e144e98a80dd4d895b8a5dd') in 0.0005867 seconds
Number of updated asset objects reloaded before import = 0Number of asset objects unloaded after import = 1

========================================================================
Received Import Request.
  Time since last request: 0.000040 seconds.
  path: Assets/SOs/Diphthong/mya.asset
  artifactKey: Guid(0c75dd61a4b51e14891e0f855119748b) Importer(815301076,1909f56bfc062723c751e8b465ee728b)
Start importing Assets/SOs/Diphthong/mya.asset using Guid(0c75dd61a4b51e14891e0f855119748b) Importer(815301076,1909f56bfc062723c751e8b465ee728b) (PreviewImporter) -> (artifact id: '2fb4d35e84bf867fd20429ee548574ee') in 0.0006305 seconds
Number of updated asset objects reloaded before import = 0Number of asset objects unloaded after import = 1

========================================================================
Received Import Request.
  Time since last request: 0.000010 seconds.
  path: Assets/SOs/Diphthong/cho.asset
  artifactKey: Guid(da0308e2652b5604cb885102f19045fa) Importer(815301076,1909f56bfc062723c751e8b465ee728b)
Start importing Assets/SOs/Diphthong/cho.asset using Guid(da0308e2652b5604cb885102f19045fa) Importer(815301076,1909f56bfc062723c751e8b465ee728b) (PreviewImporter) -> (artifact id: 'a371d04eb61c04097eabd7dfe9cc9ee7') in 0.0005967 seconds
Number of updated asset objects reloaded before import = 0Number of asset objects unloaded after import = 1

========================================================================
Received Import Request.
  Time since last request: 0.000015 seconds.
  path: Assets/SOs/Diphthong/pyu.asset
  artifactKey: Guid(b8b243ab491c8c945a17d3476e6207d6) Importer(815301076,1909f56bfc062723c751e8b465ee728b)
Start importing Assets/SOs/Diphthong/pyu.asset using Guid(b8b243ab491c8c945a17d3476e6207d6) Importer(815301076,1909f56bfc062723c751e8b465ee728b) (PreviewImporter) -> (artifact id: '68700b9b7b8ce109aba1fa5077f2f19f') in 0.0006118 seconds
Number of updated asset objects reloaded before import = 0Number of asset objects unloaded after import = 1

========================================================================
Received Import Request.
  Time since last request: 0.000011 seconds.
  path: Assets/SOs/Diphthong/sho.asset
  artifactKey: Guid(e2f8e983b7751f34aa25b4b0e52c7d62) Importer(815301076,1909f56bfc062723c751e8b465ee728b)
Start importing Assets/SOs/Diphthong/sho.asset using Guid(e2f8e983b7751f34aa25b4b0e52c7d62) Importer(815301076,1909f56bfc062723c751e8b465ee728b) (PreviewImporter) -> (artifact id: '25cf7eab12b357c836af0ea5ddab7207') in 0.0007577 seconds
Number of updated asset objects reloaded before import = 0Number of asset objects unloaded after import = 1

========================================================================
Received Import Request.
  Time since last request: 0.000024 seconds.
  path: Assets/SOs/Diphthong/pya.asset
  artifactKey: Guid(dc14caf5036a68446bae114284ca15d1) Importer(815301076,1909f56bfc062723c751e8b465ee728b)
Start importing Assets/SOs/Diphthong/pya.asset using Guid(dc14caf5036a68446bae114284ca15d1) Importer(815301076,1909f56bfc062723c751e8b465ee728b) (PreviewImporter) -> (artifact id: 'db81cdcd12a9cb9fa11dfaba5d546cee') in 0.001 seconds
Number of updated asset objects reloaded before import = 0Number of asset objects unloaded after import = 1

========================================================================
Received Import Request.
  Time since last request: 0.000024 seconds.
  path: Assets/SOs/Diphthong/shu.asset
  artifactKey: Guid(0be61d8acb2c075449037a6d59b021e7) Importer(815301076,1909f56bfc062723c751e8b465ee728b)
Start importing Assets/SOs/Diphthong/shu.asset using Guid(0be61d8acb2c075449037a6d59b021e7) Importer(815301076,1909f56bfc062723c751e8b465ee728b) (PreviewImporter) -> (artifact id: 'e3e51a0197ac08628c7fb7f6dabf1e3e') in 0.0010591 seconds
Number of updated asset objects reloaded before import = 0Number of asset objects unloaded after import = 1

========================================================================
Received Import Request.
  Time since last request: 0.000031 seconds.
  path: Assets/SOs/Diphthong/nyo.asset
  artifactKey: Guid(0ea8fbc12c7ec1e47b533ee5fba8649b) Importer(815301076,1909f56bfc062723c751e8b465ee728b)
Start importing Assets/SOs/Diphthong/nyo.asset using Guid(0ea8fbc12c7ec1e47b533ee5fba8649b) Importer(815301076,1909f56bfc062723c751e8b465ee728b) (PreviewImporter) -> (artifact id: '52820a87b81729218d6de7d814cf4461') in 0.0010891 seconds
Number of updated asset objects reloaded before import = 0Number of asset objects unloaded after import = 1

Editor requested this worker to shutdown with reason: Scaling down because of idle timeout
AssetImportWorker is now disconnected from the server
Process exiting
Exiting without the bug reporter. Application will terminate with return code 0